2021-03-29 15:43:29.463 +02:00 [INF] Application started. Press Ctrl+C to shut down.
2021-03-29 15:43:29.490 +02:00 [INF] Request starting HTTP/2.0 GET https://localhost:44390/index.html  
2021-03-29 15:43:29.519 +02:00 [INF] Hosting environment: Development
2021-03-29 15:43:29.520 +02:00 [INF] Content root path: E:\Radwan\Personal\BE\API
2021-03-29 15:43:29.831 +02:00 [INF] Request finished in 346.5956ms 200 text/html;charset=utf-8
2021-03-29 15:43:30.359 +02:00 [INF] Request starting HTTP/2.0 GET https://localhost:44390/swagger/v1/swagger.json  
2021-03-29 15:43:30.616 +02:00 [INF] Request finished in 258.0342ms 200 application/json;charset=utf-8
2021-03-29 15:55:09.729 +02:00 [INF] Application started. Press Ctrl+C to shut down.
2021-03-29 15:55:09.765 +02:00 [INF] Request starting HTTP/2.0 GET https://localhost:44390/index.html  
2021-03-29 15:55:09.794 +02:00 [INF] Hosting environment: Development
2021-03-29 15:55:09.796 +02:00 [INF] Content root path: E:\Radwan\Personal\BE\API
2021-03-29 15:55:10.031 +02:00 [INF] Request finished in 278.7813ms 200 text/html;charset=utf-8
2021-03-29 15:55:10.401 +02:00 [INF] Request starting HTTP/2.0 GET https://localhost:44390/swagger/v1/swagger.json  
2021-03-29 15:55:10.607 +02:00 [INF] Request finished in 206.3887ms 200 application/json;charset=utf-8
2021-03-29 15:55:14.924 +02:00 [INF] Request starting HTTP/2.0 OPTIONS https://localhost:44390/notificationHub/negotiate  
2021-03-29 15:55:14.932 +02:00 [INF] CORS policy execution successful.
2021-03-29 15:55:14.937 +02:00 [INF] Request finished in 13.323ms 204 
2021-03-29 15:55:14.954 +02:00 [INF] Request starting HTTP/2.0 POST https://localhost:44390/notificationHub/negotiate text/plain;charset=UTF-8 0
2021-03-29 15:55:14.955 +02:00 [INF] CORS policy execution successful.
2021-03-29 15:55:14.968 +02:00 [INF] Executing endpoint '/notificationHub/negotiate'
2021-03-29 15:55:15.012 +02:00 [INF] Executed endpoint '/notificationHub/negotiate'
2021-03-29 15:55:15.014 +02:00 [INF] Request finished in 62.0727ms 200 application/json
2021-03-29 15:55:15.041 +02:00 [INF] Request starting HTTP/2.0 OPTIONS https://localhost:44390/api/BookStore/GetAll  
2021-03-29 15:55:15.041 +02:00 [INF] CORS policy execution successful.
2021-03-29 15:55:15.042 +02:00 [INF] Request finished in 0.353ms 204 
2021-03-29 15:55:15.046 +02:00 [INF] Request starting HTTP/2.0 POST https://localhost:44390/api/BookStore/GetAll application/json-patch+json 89
2021-03-29 15:55:15.046 +02:00 [INF] CORS policy execution successful.
2021-03-29 15:55:15.047 +02:00 [INF] Executing endpoint 'API.Controllers.BookStoreController.GetAll (API)'
2021-03-29 15:55:15.074 +02:00 [INF] Request starting HTTP/1.1 GET https://localhost:44390/notificationHub?id=Lztht65ffBFOdBnv5vegyw  
2021-03-29 15:55:15.074 +02:00 [INF] CORS policy execution successful.
2021-03-29 15:55:15.074 +02:00 [INF] Executing endpoint '/notificationHub'
2021-03-29 15:55:15.107 +02:00 [INF] Route matched with {action = "GetAll", controller = "BookStore"}. Executing controller action with signature System.Threading.Tasks.Task`1[Microsoft.AspNetCore.Mvc.ActionResult`1[Core.Enums.Dtos.ListResultDto`1[Core.UseCases.Lookup.TestApp.BookGetAllOutputDto]]] GetAll(Core.UseCases.Lookup.TestApp.BookGetAllInputDto) on controller API.Controllers.BookStoreController (API).
2021-03-29 15:55:15.671 +02:00 [INF] Executing action method API.Controllers.BookStoreController.GetAll (API) - Validation state: "Valid"
2021-03-29 15:55:16.189 +02:00 [INF] Executed action method API.Controllers.BookStoreController.GetAll (API), returned result Microsoft.AspNetCore.Mvc.ObjectResult in 511.1993ms.
2021-03-29 15:55:16.199 +02:00 [INF] Executing ObjectResult, writing value of type 'Core.Enums.Dtos.ListResultDto`1[[Core.UseCases.Lookup.TestApp.BookGetAllOutputDto, Core, Version=1.0.0.0, Culture=neutral, PublicKeyToken=null]]'.
2021-03-29 15:55:16.285 +02:00 [INF] Executed action API.Controllers.BookStoreController.GetAll (API) in 1172.3681ms
2021-03-29 15:55:16.285 +02:00 [INF] Executed endpoint 'API.Controllers.BookStoreController.GetAll (API)'
2021-03-29 15:55:16.291 +02:00 [INF] Request finished in 1245.7296ms 200 application/json; charset=utf-8
2021-03-29 15:55:18.129 +02:00 [INF] Request starting HTTP/2.0 GET https://localhost:44390/api/BookStore/GetBookDDL  
2021-03-29 15:55:18.130 +02:00 [INF] CORS policy execution successful.
2021-03-29 15:55:18.134 +02:00 [INF] Executing endpoint 'API.Controllers.BookStoreController.GetBookDDL (API)'
2021-03-29 15:55:18.139 +02:00 [INF] Route matched with {action = "GetBookDDL", controller = "BookStore"}. Executing controller action with signature System.Threading.Tasks.Task`1[Microsoft.AspNetCore.Mvc.ActionResult`1[Core.Enums.Dtos.ListResultDto`1[Core.Enums.Dtos.DDLDto]]] GetBookDDL() on controller API.Controllers.BookStoreController (API).
2021-03-29 15:55:18.202 +02:00 [INF] Executing action method API.Controllers.BookStoreController.GetBookDDL (API) - Validation state: "Valid"
2021-03-29 15:55:18.219 +02:00 [INF] Executed action method API.Controllers.BookStoreController.GetBookDDL (API), returned result Microsoft.AspNetCore.Mvc.ObjectResult in 16.8215ms.
2021-03-29 15:55:18.220 +02:00 [INF] Executing ObjectResult, writing value of type 'Core.Enums.Dtos.ListResultDto`1[[Core.Enums.Dtos.DDLDto, Core, Version=1.0.0.0, Culture=neutral, PublicKeyToken=null]]'.
2021-03-29 15:55:18.224 +02:00 [INF] Executed action API.Controllers.BookStoreController.GetBookDDL (API) in 84.8429ms
2021-03-29 15:55:18.224 +02:00 [INF] Executed endpoint 'API.Controllers.BookStoreController.GetBookDDL (API)'
2021-03-29 15:55:18.225 +02:00 [INF] Request finished in 96.4463ms 200 application/json; charset=utf-8
2021-03-29 15:55:18.925 +02:00 [INF] Request starting HTTP/2.0 POST https://localhost:44390/api/BookStore/GetAll application/json-patch+json 89
2021-03-29 15:55:18.925 +02:00 [INF] CORS policy execution successful.
2021-03-29 15:55:18.926 +02:00 [INF] Executing endpoint 'API.Controllers.BookStoreController.GetAll (API)'
2021-03-29 15:55:18.927 +02:00 [INF] Route matched with {action = "GetAll", controller = "BookStore"}. Executing controller action with signature System.Threading.Tasks.Task`1[Microsoft.AspNetCore.Mvc.ActionResult`1[Core.Enums.Dtos.ListResultDto`1[Core.UseCases.Lookup.TestApp.BookGetAllOutputDto]]] GetAll(Core.UseCases.Lookup.TestApp.BookGetAllInputDto) on controller API.Controllers.BookStoreController (API).
2021-03-29 15:55:18.963 +02:00 [INF] Executing action method API.Controllers.BookStoreController.GetAll (API) - Validation state: "Valid"
2021-03-29 15:55:18.971 +02:00 [INF] Executed action method API.Controllers.BookStoreController.GetAll (API), returned result Microsoft.AspNetCore.Mvc.ObjectResult in 8.1419ms.
2021-03-29 15:55:18.971 +02:00 [INF] Executing ObjectResult, writing value of type 'Core.Enums.Dtos.ListResultDto`1[[Core.UseCases.Lookup.TestApp.BookGetAllOutputDto, Core, Version=1.0.0.0, Culture=neutral, PublicKeyToken=null]]'.
2021-03-29 15:55:18.972 +02:00 [INF] Executed action API.Controllers.BookStoreController.GetAll (API) in 45.1932ms
2021-03-29 15:55:18.972 +02:00 [INF] Executed endpoint 'API.Controllers.BookStoreController.GetAll (API)'
2021-03-29 15:55:18.973 +02:00 [INF] Request finished in 48.2444ms 200 application/json; charset=utf-8
2021-03-29 15:55:19.809 +02:00 [INF] Request starting HTTP/2.0 GET https://localhost:44390/api/BookStore/GetAuthorDDL  
2021-03-29 15:55:19.809 +02:00 [INF] Request starting HTTP/2.0 POST https://localhost:44390/api/BookStore/GetById?request=1  0
2021-03-29 15:55:19.810 +02:00 [INF] CORS policy execution successful.
2021-03-29 15:55:19.810 +02:00 [INF] CORS policy execution successful.
2021-03-29 15:55:19.811 +02:00 [INF] Executing endpoint 'API.Controllers.BookStoreController.GetById (API)'
2021-03-29 15:55:19.811 +02:00 [INF] Executing endpoint 'API.Controllers.BookStoreController.GetAuthorDDL (API)'
2021-03-29 15:55:19.816 +02:00 [INF] Route matched with {action = "GetAuthorDDL", controller = "BookStore"}. Executing controller action with signature System.Threading.Tasks.Task`1[Microsoft.AspNetCore.Mvc.ActionResult`1[Core.Enums.Dtos.ListResultDto`1[Core.Enums.Dtos.DDLDto]]] GetAuthorDDL() on controller API.Controllers.BookStoreController (API).
2021-03-29 15:55:19.816 +02:00 [INF] Route matched with {action = "GetById", controller = "BookStore"}. Executing controller action with signature System.Threading.Tasks.Task`1[Microsoft.AspNetCore.Mvc.ActionResult`1[Core.Enums.Dtos.ResultDto`1[Core.UseCases.Lookup.TestApp.BookGetByIdOutputDto]]] GetById(Int32) on controller API.Controllers.BookStoreController (API).
2021-03-29 15:55:19.848 +02:00 [INF] Executing action method API.Controllers.BookStoreController.GetAuthorDDL (API) - Validation state: "Valid"
2021-03-29 15:55:19.878 +02:00 [INF] Executing action method API.Controllers.BookStoreController.GetById (API) - Validation state: "Valid"
2021-03-29 15:55:19.897 +02:00 [INF] Executed action method API.Controllers.BookStoreController.GetAuthorDDL (API), returned result Microsoft.AspNetCore.Mvc.ObjectResult in 49.4249ms.
2021-03-29 15:55:19.898 +02:00 [INF] Executing ObjectResult, writing value of type 'Core.Enums.Dtos.ListResultDto`1[[Core.Enums.Dtos.DDLDto, Core, Version=1.0.0.0, Culture=neutral, PublicKeyToken=null]]'.
2021-03-29 15:55:19.900 +02:00 [INF] Executed action API.Controllers.BookStoreController.GetAuthorDDL (API) in 83.8796ms
2021-03-29 15:55:19.900 +02:00 [INF] Executed endpoint 'API.Controllers.BookStoreController.GetAuthorDDL (API)'
2021-03-29 15:55:19.901 +02:00 [INF] Request finished in 91.4137ms 200 application/json; charset=utf-8
2021-03-29 15:55:20.142 +02:00 [INF] Executed action method API.Controllers.BookStoreController.GetById (API), returned result Microsoft.AspNetCore.Mvc.ObjectResult in 264.2465ms.
2021-03-29 15:55:20.143 +02:00 [INF] Executing ObjectResult, writing value of type 'Core.Enums.Dtos.ResultDto`1[[Core.UseCases.Lookup.TestApp.BookGetByIdOutputDto, Core, Version=1.0.0.0, Culture=neutral, PublicKeyToken=null]]'.
2021-03-29 15:55:20.153 +02:00 [INF] Executed action API.Controllers.BookStoreController.GetById (API) in 336.4854ms
2021-03-29 15:55:20.153 +02:00 [INF] Executed endpoint 'API.Controllers.BookStoreController.GetById (API)'
2021-03-29 15:55:20.153 +02:00 [INF] Request finished in 343.9707ms 200 application/json; charset=utf-8
2021-03-29 15:55:21.656 +02:00 [INF] Request starting HTTP/2.0 OPTIONS https://localhost:44390/api/BookStore/GetAll  
2021-03-29 15:55:21.657 +02:00 [INF] CORS policy execution successful.
2021-03-29 15:55:21.657 +02:00 [INF] Request finished in 1.4224ms 204 
2021-03-29 15:55:21.661 +02:00 [INF] Request starting HTTP/2.0 POST https://localhost:44390/api/BookStore/GetAll application/json-patch+json 89
2021-03-29 15:55:21.661 +02:00 [INF] CORS policy execution successful.
2021-03-29 15:55:21.661 +02:00 [INF] Executing endpoint 'API.Controllers.BookStoreController.GetAll (API)'
2021-03-29 15:55:21.661 +02:00 [INF] Route matched with {action = "GetAll", controller = "BookStore"}. Executing controller action with signature System.Threading.Tasks.Task`1[Microsoft.AspNetCore.Mvc.ActionResult`1[Core.Enums.Dtos.ListResultDto`1[Core.UseCases.Lookup.TestApp.BookGetAllOutputDto]]] GetAll(Core.UseCases.Lookup.TestApp.BookGetAllInputDto) on controller API.Controllers.BookStoreController (API).
2021-03-29 15:55:21.688 +02:00 [INF] Executing action method API.Controllers.BookStoreController.GetAll (API) - Validation state: "Valid"
2021-03-29 15:55:21.694 +02:00 [INF] Executed action method API.Controllers.BookStoreController.GetAll (API), returned result Microsoft.AspNetCore.Mvc.ObjectResult in 5.999ms.
2021-03-29 15:55:21.695 +02:00 [INF] Executing ObjectResult, writing value of type 'Core.Enums.Dtos.ListResultDto`1[[Core.UseCases.Lookup.TestApp.BookGetAllOutputDto, Core, Version=1.0.0.0, Culture=neutral, PublicKeyToken=null]]'.
2021-03-29 15:55:21.696 +02:00 [INF] Executed action API.Controllers.BookStoreController.GetAll (API) in 34.2071ms
2021-03-29 15:55:21.696 +02:00 [INF] Executed endpoint 'API.Controllers.BookStoreController.GetAll (API)'
2021-03-29 15:55:21.696 +02:00 [INF] Request finished in 35.5224ms 200 application/json; charset=utf-8
2021-03-29 15:55:22.951 +02:00 [INF] Request starting HTTP/2.0 GET https://localhost:44390/api/BookStore/GetAuthorDDL  
2021-03-29 15:55:22.952 +02:00 [INF] CORS policy execution successful.
2021-03-29 15:55:22.952 +02:00 [INF] Executing endpoint 'API.Controllers.BookStoreController.GetAuthorDDL (API)'
2021-03-29 15:55:22.953 +02:00 [INF] Route matched with {action = "GetAuthorDDL", controller = "BookStore"}. Executing controller action with signature System.Threading.Tasks.Task`1[Microsoft.AspNetCore.Mvc.ActionResult`1[Core.Enums.Dtos.ListResultDto`1[Core.Enums.Dtos.DDLDto]]] GetAuthorDDL() on controller API.Controllers.BookStoreController (API).
2021-03-29 15:55:22.999 +02:00 [INF] Executing action method API.Controllers.BookStoreController.GetAuthorDDL (API) - Validation state: "Valid"
2021-03-29 15:55:23.006 +02:00 [INF] Executed action method API.Controllers.BookStoreController.GetAuthorDDL (API), returned result Microsoft.AspNetCore.Mvc.ObjectResult in 7.2378ms.
2021-03-29 15:55:23.007 +02:00 [INF] Executing ObjectResult, writing value of type 'Core.Enums.Dtos.ListResultDto`1[[Core.Enums.Dtos.DDLDto, Core, Version=1.0.0.0, Culture=neutral, PublicKeyToken=null]]'.
2021-03-29 15:55:23.009 +02:00 [INF] Executed action API.Controllers.BookStoreController.GetAuthorDDL (API) in 56.0669ms
2021-03-29 15:55:23.010 +02:00 [INF] Executed endpoint 'API.Controllers.BookStoreController.GetAuthorDDL (API)'
2021-03-29 15:55:23.010 +02:00 [INF] Request finished in 59.1859ms 200 application/json; charset=utf-8
2021-03-29 15:55:27.635 +02:00 [INF] Request starting HTTP/2.0 OPTIONS https://localhost:44390/api/BookStore/Add  
2021-03-29 15:55:27.636 +02:00 [INF] CORS policy execution successful.
2021-03-29 15:55:27.637 +02:00 [INF] Request finished in 1.1234ms 204 
2021-03-29 15:55:27.640 +02:00 [INF] Request starting HTTP/2.0 POST https://localhost:44390/api/BookStore/Add application/json-patch+json 84
2021-03-29 15:55:27.640 +02:00 [INF] CORS policy execution successful.
2021-03-29 15:55:27.641 +02:00 [INF] Executing endpoint 'API.Controllers.BookStoreController.Add (API)'
2021-03-29 15:55:27.645 +02:00 [INF] Route matched with {action = "Add", controller = "BookStore"}. Executing controller action with signature System.Threading.Tasks.Task`1[Microsoft.AspNetCore.Mvc.ActionResult`1[Core.Enums.Dtos.ResultDto`1[System.Boolean]]] Add(Core.UseCases.Lookup.TestApp.AddBookInputDto) on controller API.Controllers.BookStoreController (API).
2021-03-29 15:55:27.687 +02:00 [INF] Executing action method API.Controllers.BookStoreController.Add (API) - Validation state: "Valid"
2021-03-29 15:55:28.023 +02:00 [INF] Executed action method API.Controllers.BookStoreController.Add (API), returned result Microsoft.AspNetCore.Mvc.ObjectResult in 335.9563ms.
2021-03-29 15:55:28.023 +02:00 [INF] Executing ObjectResult, writing value of type 'Core.Enums.Dtos.ResultDto`1[[System.Boolean, System.Private.CoreLib, Version=4.0.0.0, Culture=neutral, PublicKeyToken=7cec85d7bea7798e]]'.
2021-03-29 15:55:28.025 +02:00 [INF] Executed action API.Controllers.BookStoreController.Add (API) in 380.2331ms
2021-03-29 15:55:28.025 +02:00 [INF] Executed endpoint 'API.Controllers.BookStoreController.Add (API)'
2021-03-29 15:55:28.026 +02:00 [INF] Request finished in 385.7409ms 200 application/json; charset=utf-8
2021-03-29 15:55:28.071 +02:00 [INF] Request starting HTTP/2.0 OPTIONS https://localhost:44390/api/BookStore/GetAll  
2021-03-29 15:55:28.071 +02:00 [INF] CORS policy execution successful.
2021-03-29 15:55:28.071 +02:00 [INF] Request finished in 0.3179ms 204 
2021-03-29 15:55:28.074 +02:00 [INF] Request starting HTTP/2.0 POST https://localhost:44390/api/BookStore/GetAll application/json-patch+json 89
2021-03-29 15:55:28.075 +02:00 [INF] CORS policy execution successful.
2021-03-29 15:55:28.075 +02:00 [INF] Executing endpoint 'API.Controllers.BookStoreController.GetAll (API)'
2021-03-29 15:55:28.075 +02:00 [INF] Route matched with {action = "GetAll", controller = "BookStore"}. Executing controller action with signature System.Threading.Tasks.Task`1[Microsoft.AspNetCore.Mvc.ActionResult`1[Core.Enums.Dtos.ListResultDto`1[Core.UseCases.Lookup.TestApp.BookGetAllOutputDto]]] GetAll(Core.UseCases.Lookup.TestApp.BookGetAllInputDto) on controller API.Controllers.BookStoreController (API).
2021-03-29 15:55:28.116 +02:00 [INF] Executing action method API.Controllers.BookStoreController.GetAll (API) - Validation state: "Valid"
2021-03-29 15:55:28.120 +02:00 [INF] Executed action method API.Controllers.BookStoreController.GetAll (API), returned result Microsoft.AspNetCore.Mvc.ObjectResult in 3.585ms.
2021-03-29 15:55:28.121 +02:00 [INF] Executing ObjectResult, writing value of type 'Core.Enums.Dtos.ListResultDto`1[[Core.UseCases.Lookup.TestApp.BookGetAllOutputDto, Core, Version=1.0.0.0, Culture=neutral, PublicKeyToken=null]]'.
2021-03-29 15:55:28.121 +02:00 [INF] Executed action API.Controllers.BookStoreController.GetAll (API) in 45.8597ms
2021-03-29 15:55:28.121 +02:00 [INF] Executed endpoint 'API.Controllers.BookStoreController.GetAll (API)'
2021-03-29 15:55:28.121 +02:00 [INF] Request finished in 46.855ms 200 application/json; charset=utf-8
2021-03-29 15:55:30.805 +02:00 [INF] Request starting HTTP/2.0 POST https://localhost:44390/api/BookStore/GetById?request=2  0
2021-03-29 15:55:30.805 +02:00 [INF] Request starting HTTP/2.0 GET https://localhost:44390/api/BookStore/GetAuthorDDL  
2021-03-29 15:55:30.805 +02:00 [INF] CORS policy execution successful.
2021-03-29 15:55:30.805 +02:00 [INF] CORS policy execution successful.
2021-03-29 15:55:30.806 +02:00 [INF] Executing endpoint 'API.Controllers.BookStoreController.GetById (API)'
2021-03-29 15:55:30.806 +02:00 [INF] Executing endpoint 'API.Controllers.BookStoreController.GetAuthorDDL (API)'
2021-03-29 15:55:30.806 +02:00 [INF] Route matched with {action = "GetAuthorDDL", controller = "BookStore"}. Executing controller action with signature System.Threading.Tasks.Task`1[Microsoft.AspNetCore.Mvc.ActionResult`1[Core.Enums.Dtos.ListResultDto`1[Core.Enums.Dtos.DDLDto]]] GetAuthorDDL() on controller API.Controllers.BookStoreController (API).
2021-03-29 15:55:30.806 +02:00 [INF] Route matched with {action = "GetById", controller = "BookStore"}. Executing controller action with signature System.Threading.Tasks.Task`1[Microsoft.AspNetCore.Mvc.ActionResult`1[Core.Enums.Dtos.ResultDto`1[Core.UseCases.Lookup.TestApp.BookGetByIdOutputDto]]] GetById(Int32) on controller API.Controllers.BookStoreController (API).
2021-03-29 15:55:30.836 +02:00 [INF] Executing action method API.Controllers.BookStoreController.GetAuthorDDL (API) - Validation state: "Valid"
2021-03-29 15:55:30.862 +02:00 [INF] Executing action method API.Controllers.BookStoreController.GetById (API) - Validation state: "Valid"
2021-03-29 15:55:30.869 +02:00 [INF] Executed action method API.Controllers.BookStoreController.GetAuthorDDL (API), returned result Microsoft.AspNetCore.Mvc.ObjectResult in 33.0014ms.
2021-03-29 15:55:30.870 +02:00 [INF] Executing ObjectResult, writing value of type 'Core.Enums.Dtos.ListResultDto`1[[Core.Enums.Dtos.DDLDto, Core, Version=1.0.0.0, Culture=neutral, PublicKeyToken=null]]'.
2021-03-29 15:55:30.882 +02:00 [INF] Executed action API.Controllers.BookStoreController.GetAuthorDDL (API) in 75.7326ms
2021-03-29 15:55:30.882 +02:00 [INF] Executed endpoint 'API.Controllers.BookStoreController.GetAuthorDDL (API)'
2021-03-29 15:55:30.883 +02:00 [INF] Request finished in 78.0191ms 200 application/json; charset=utf-8
2021-03-29 15:55:30.908 +02:00 [INF] Executed action method API.Controllers.BookStoreController.GetById (API), returned result Microsoft.AspNetCore.Mvc.ObjectResult in 45.7213ms.
2021-03-29 15:55:30.909 +02:00 [INF] Executing ObjectResult, writing value of type 'Core.Enums.Dtos.ResultDto`1[[Core.UseCases.Lookup.TestApp.BookGetByIdOutputDto, Core, Version=1.0.0.0, Culture=neutral, PublicKeyToken=null]]'.
2021-03-29 15:55:30.909 +02:00 [INF] Executed action API.Controllers.BookStoreController.GetById (API) in 102.5123ms
2021-03-29 15:55:30.909 +02:00 [INF] Executed endpoint 'API.Controllers.BookStoreController.GetById (API)'
2021-03-29 15:55:30.909 +02:00 [INF] Request finished in 104.4436ms 200 application/json; charset=utf-8
2021-03-29 15:55:33.064 +02:00 [INF] Request starting HTTP/2.0 POST https://localhost:44390/api/BookStore/GetAll application/json-patch+json 89
2021-03-29 15:55:33.064 +02:00 [INF] CORS policy execution successful.
2021-03-29 15:55:33.065 +02:00 [INF] Executing endpoint 'API.Controllers.BookStoreController.GetAll (API)'
2021-03-29 15:55:33.066 +02:00 [INF] Route matched with {action = "GetAll", controller = "BookStore"}. Executing controller action with signature System.Threading.Tasks.Task`1[Microsoft.AspNetCore.Mvc.ActionResult`1[Core.Enums.Dtos.ListResultDto`1[Core.UseCases.Lookup.TestApp.BookGetAllOutputDto]]] GetAll(Core.UseCases.Lookup.TestApp.BookGetAllInputDto) on controller API.Controllers.BookStoreController (API).
2021-03-29 15:55:33.094 +02:00 [INF] Executing action method API.Controllers.BookStoreController.GetAll (API) - Validation state: "Valid"
2021-03-29 15:55:33.101 +02:00 [INF] Executed action method API.Controllers.BookStoreController.GetAll (API), returned result Microsoft.AspNetCore.Mvc.ObjectResult in 7.1047ms.
2021-03-29 15:55:33.102 +02:00 [INF] Executing ObjectResult, writing value of type 'Core.Enums.Dtos.ListResultDto`1[[Core.UseCases.Lookup.TestApp.BookGetAllOutputDto, Core, Version=1.0.0.0, Culture=neutral, PublicKeyToken=null]]'.
2021-03-29 15:55:33.102 +02:00 [INF] Executed action API.Controllers.BookStoreController.GetAll (API) in 36.5335ms
2021-03-29 15:55:33.102 +02:00 [INF] Executed endpoint 'API.Controllers.BookStoreController.GetAll (API)'
2021-03-29 15:55:33.103 +02:00 [INF] Request finished in 38.582ms 200 application/json; charset=utf-8
2021-03-29 15:55:33.742 +02:00 [INF] Request starting HTTP/2.0 GET https://localhost:44390/api/BookStore/GetBookDDL  
2021-03-29 15:55:33.742 +02:00 [INF] CORS policy execution successful.
2021-03-29 15:55:33.743 +02:00 [INF] Executing endpoint 'API.Controllers.BookStoreController.GetBookDDL (API)'
2021-03-29 15:55:33.743 +02:00 [INF] Route matched with {action = "GetBookDDL", controller = "BookStore"}. Executing controller action with signature System.Threading.Tasks.Task`1[Microsoft.AspNetCore.Mvc.ActionResult`1[Core.Enums.Dtos.ListResultDto`1[Core.Enums.Dtos.DDLDto]]] GetBookDDL() on controller API.Controllers.BookStoreController (API).
2021-03-29 15:55:33.773 +02:00 [INF] Executing action method API.Controllers.BookStoreController.GetBookDDL (API) - Validation state: "Valid"
2021-03-29 15:55:33.782 +02:00 [INF] Executed action method API.Controllers.BookStoreController.GetBookDDL (API), returned result Microsoft.AspNetCore.Mvc.ObjectResult in 8.0176ms.
2021-03-29 15:55:33.782 +02:00 [INF] Executing ObjectResult, writing value of type 'Core.Enums.Dtos.ListResultDto`1[[Core.Enums.Dtos.DDLDto, Core, Version=1.0.0.0, Culture=neutral, PublicKeyToken=null]]'.
2021-03-29 15:55:33.783 +02:00 [INF] Executed action API.Controllers.BookStoreController.GetBookDDL (API) in 39.4965ms
2021-03-29 15:55:33.784 +02:00 [INF] Executed endpoint 'API.Controllers.BookStoreController.GetBookDDL (API)'
2021-03-29 15:55:33.793 +02:00 [INF] Request finished in 51.4021ms 200 application/json; charset=utf-8
2021-03-29 15:55:37.325 +02:00 [INF] Request starting HTTP/2.0 OPTIONS https://localhost:44390/api/BookStore/AddReview  
2021-03-29 15:55:37.326 +02:00 [INF] CORS policy execution successful.
2021-03-29 15:55:37.326 +02:00 [INF] Request finished in 1.1556ms 204 
2021-03-29 15:55:37.331 +02:00 [INF] Request starting HTTP/2.0 POST https://localhost:44390/api/BookStore/AddReview application/json-patch+json 51
2021-03-29 15:55:37.332 +02:00 [INF] CORS policy execution successful.
2021-03-29 15:55:37.332 +02:00 [INF] Executing endpoint 'API.Controllers.BookStoreController.AddReview (API)'
2021-03-29 15:55:37.338 +02:00 [INF] Route matched with {action = "AddReview", controller = "BookStore"}. Executing controller action with signature System.Threading.Tasks.Task`1[Microsoft.AspNetCore.Mvc.ActionResult`1[Core.Enums.Dtos.ResultDto`1[System.Boolean]]] AddReview(Core.UseCases.Lookup.TestApp.AddBookReviewInputDto) on controller API.Controllers.BookStoreController (API).
2021-03-29 15:55:37.376 +02:00 [INF] Executing action method API.Controllers.BookStoreController.AddReview (API) - Validation state: "Valid"
2021-03-29 15:55:37.474 +02:00 [INF] Executed action method API.Controllers.BookStoreController.AddReview (API), returned result Microsoft.AspNetCore.Mvc.ObjectResult in 97.094ms.
2021-03-29 15:55:37.474 +02:00 [INF] Executing ObjectResult, writing value of type 'Core.Enums.Dtos.ResultDto`1[[System.Boolean, System.Private.CoreLib, Version=4.0.0.0, Culture=neutral, PublicKeyToken=7cec85d7bea7798e]]'.
2021-03-29 15:55:37.475 +02:00 [INF] Executed action API.Controllers.BookStoreController.AddReview (API) in 137.08ms
2021-03-29 15:55:37.475 +02:00 [INF] Executed endpoint 'API.Controllers.BookStoreController.AddReview (API)'
2021-03-29 15:55:37.476 +02:00 [INF] Request finished in 144.663ms 200 application/json; charset=utf-8
2021-03-29 15:55:37.521 +02:00 [INF] Request starting HTTP/2.0 OPTIONS https://localhost:44390/api/BookStore/GetAll  
2021-03-29 15:55:37.522 +02:00 [INF] CORS policy execution successful.
2021-03-29 15:55:37.522 +02:00 [INF] Request finished in 0.723ms 204 
2021-03-29 15:55:37.525 +02:00 [INF] Request starting HTTP/2.0 POST https://localhost:44390/api/BookStore/GetAll application/json-patch+json 89
2021-03-29 15:55:37.525 +02:00 [INF] CORS policy execution successful.
2021-03-29 15:55:37.527 +02:00 [INF] Executing endpoint 'API.Controllers.BookStoreController.GetAll (API)'
2021-03-29 15:55:37.528 +02:00 [INF] Route matched with {action = "GetAll", controller = "BookStore"}. Executing controller action with signature System.Threading.Tasks.Task`1[Microsoft.AspNetCore.Mvc.ActionResult`1[Core.Enums.Dtos.ListResultDto`1[Core.UseCases.Lookup.TestApp.BookGetAllOutputDto]]] GetAll(Core.UseCases.Lookup.TestApp.BookGetAllInputDto) on controller API.Controllers.BookStoreController (API).
2021-03-29 15:55:37.560 +02:00 [INF] Executing action method API.Controllers.BookStoreController.GetAll (API) - Validation state: "Valid"
2021-03-29 15:55:37.565 +02:00 [INF] Executed action method API.Controllers.BookStoreController.GetAll (API), returned result Microsoft.AspNetCore.Mvc.ObjectResult in 4.7597ms.
2021-03-29 15:55:37.565 +02:00 [INF] Executing ObjectResult, writing value of type 'Core.Enums.Dtos.ListResultDto`1[[Core.UseCases.Lookup.TestApp.BookGetAllOutputDto, Core, Version=1.0.0.0, Culture=neutral, PublicKeyToken=null]]'.
2021-03-29 15:55:37.565 +02:00 [INF] Executed action API.Controllers.BookStoreController.GetAll (API) in 37.2072ms
2021-03-29 15:55:37.565 +02:00 [INF] Executed endpoint 'API.Controllers.BookStoreController.GetAll (API)'
2021-03-29 15:55:37.565 +02:00 [INF] Request finished in 40.4166ms 200 application/json; charset=utf-8
2021-03-29 15:57:36.040 +02:00 [INF] Application started. Press Ctrl+C to shut down.
2021-03-29 15:57:36.069 +02:00 [INF] Request starting HTTP/2.0 OPTIONS https://localhost:44390/api/BookStore/GetAll  
2021-03-29 15:57:36.069 +02:00 [INF] Request starting HTTP/2.0 GET https://localhost:44390/index.html  
2021-03-29 15:57:36.069 +02:00 [INF] Request starting HTTP/2.0 OPTIONS https://localhost:44390/notificationHub/negotiate  
2021-03-29 15:57:36.086 +02:00 [INF] Hosting environment: Development
2021-03-29 15:57:36.088 +02:00 [INF] Content root path: E:\Radwan\Personal\BE\API
2021-03-29 15:57:36.106 +02:00 [INF] CORS policy execution successful.
2021-03-29 15:57:36.106 +02:00 [INF] CORS policy execution successful.
2021-03-29 15:57:36.128 +02:00 [INF] Request finished in 69.3552ms 204 
2021-03-29 15:57:36.128 +02:00 [INF] Request finished in 69.3591ms 204 
2021-03-29 15:57:36.130 +02:00 [INF] Request starting HTTP/2.0 POST https://localhost:44390/api/BookStore/GetAll application/json-patch+json 89
2021-03-29 15:57:36.131 +02:00 [INF] CORS policy execution successful.
2021-03-29 15:57:36.131 +02:00 [INF] Request starting HTTP/2.0 POST https://localhost:44390/notificationHub/negotiate text/plain;charset=UTF-8 0
2021-03-29 15:57:36.132 +02:00 [INF] CORS policy execution successful.
2021-03-29 15:57:36.186 +02:00 [INF] Executing endpoint 'API.Controllers.BookStoreController.GetAll (API)'
2021-03-29 15:57:36.186 +02:00 [INF] Executing endpoint '/notificationHub/negotiate'
2021-03-29 15:57:36.236 +02:00 [INF] Route matched with {action = "GetAll", controller = "BookStore"}. Executing controller action with signature System.Threading.Tasks.Task`1[Microsoft.AspNetCore.Mvc.ActionResult`1[Core.Enums.Dtos.ListResultDto`1[Core.UseCases.Lookup.TestApp.BookGetAllOutputDto]]] GetAll(Core.UseCases.Lookup.TestApp.BookGetAllInputDto) on controller API.Controllers.BookStoreController (API).
2021-03-29 15:57:36.239 +02:00 [INF] Executed endpoint '/notificationHub/negotiate'
2021-03-29 15:57:36.242 +02:00 [INF] Request finished in 110.6406ms 200 application/json
2021-03-29 15:57:36.260 +02:00 [INF] Request starting HTTP/1.1 GET https://localhost:44390/notificationHub?id=WeLsp9VT50snegxULhAI5g  
2021-03-29 15:57:36.261 +02:00 [INF] CORS policy execution successful.
2021-03-29 15:57:36.265 +02:00 [INF] Executing endpoint '/notificationHub'
2021-03-29 15:57:36.357 +02:00 [INF] Request finished in 299.0909ms 200 text/html;charset=utf-8
2021-03-29 15:57:36.727 +02:00 [INF] Request starting HTTP/2.0 GET https://localhost:44390/swagger/v1/swagger.json  
2021-03-29 15:57:36.915 +02:00 [INF] Executing action method API.Controllers.BookStoreController.GetAll (API) - Validation state: "Valid"
2021-03-29 15:57:36.992 +02:00 [INF] Request finished in 264.4298ms 200 application/json;charset=utf-8
2021-03-29 15:57:37.388 +02:00 [INF] Executed action method API.Controllers.BookStoreController.GetAll (API), returned result Microsoft.AspNetCore.Mvc.ObjectResult in 467.2444ms.
2021-03-29 15:57:37.395 +02:00 [INF] Executing ObjectResult, writing value of type 'Core.Enums.Dtos.ListResultDto`1[[Core.UseCases.Lookup.TestApp.BookGetAllOutputDto, Core, Version=1.0.0.0, Culture=neutral, PublicKeyToken=null]]'.
2021-03-29 15:57:37.459 +02:00 [INF] Executed action API.Controllers.BookStoreController.GetAll (API) in 1217.523ms
2021-03-29 15:57:37.460 +02:00 [INF] Executed endpoint 'API.Controllers.BookStoreController.GetAll (API)'
2021-03-29 15:57:37.464 +02:00 [INF] Request finished in 1336.761ms 200 application/json; charset=utf-8
2021-03-29 15:58:12.642 +02:00 [INF] Request starting HTTP/2.0 GET https://localhost:44390/api/BookStore/GetBookDDL  
2021-03-29 15:58:12.643 +02:00 [INF] CORS policy execution successful.
2021-03-29 15:58:12.650 +02:00 [INF] Executing endpoint 'API.Controllers.BookStoreController.GetBookDDL (API)'
2021-03-29 15:58:12.658 +02:00 [INF] Route matched with {action = "GetBookDDL", controller = "BookStore"}. Executing controller action with signature System.Threading.Tasks.Task`1[Microsoft.AspNetCore.Mvc.ActionResult`1[Core.Enums.Dtos.ListResultDto`1[Core.Enums.Dtos.DDLDto]]] GetBookDDL() on controller API.Controllers.BookStoreController (API).
2021-03-29 15:58:12.751 +02:00 [INF] Executing action method API.Controllers.BookStoreController.GetBookDDL (API) - Validation state: "Valid"
2021-03-29 15:58:12.769 +02:00 [INF] Executed action method API.Controllers.BookStoreController.GetBookDDL (API), returned result Microsoft.AspNetCore.Mvc.ObjectResult in 17.517ms.
2021-03-29 15:58:12.770 +02:00 [INF] Executing ObjectResult, writing value of type 'Core.Enums.Dtos.ListResultDto`1[[Core.Enums.Dtos.DDLDto, Core, Version=1.0.0.0, Culture=neutral, PublicKeyToken=null]]'.
2021-03-29 15:58:12.775 +02:00 [INF] Executed action API.Controllers.BookStoreController.GetBookDDL (API) in 116.2883ms
2021-03-29 15:58:12.775 +02:00 [INF] Executed endpoint 'API.Controllers.BookStoreController.GetBookDDL (API)'
2021-03-29 15:58:12.775 +02:00 [INF] Request finished in 134.0248ms 200 application/json; charset=utf-8
2021-03-29 15:58:13.195 +02:00 [INF] Request starting HTTP/2.0 OPTIONS https://localhost:44390/api/BookStore/GetAll  
2021-03-29 15:58:13.196 +02:00 [INF] CORS policy execution successful.
2021-03-29 15:58:13.197 +02:00 [INF] Request finished in 2.0751ms 204 
2021-03-29 15:58:13.201 +02:00 [INF] Request starting HTTP/2.0 POST https://localhost:44390/api/BookStore/GetAll application/json-patch+json 89
2021-03-29 15:58:13.203 +02:00 [INF] CORS policy execution successful.
2021-03-29 15:58:13.204 +02:00 [INF] Executing endpoint 'API.Controllers.BookStoreController.GetAll (API)'
2021-03-29 15:58:13.205 +02:00 [INF] Route matched with {action = "GetAll", controller = "BookStore"}. Executing controller action with signature System.Threading.Tasks.Task`1[Microsoft.AspNetCore.Mvc.ActionResult`1[Core.Enums.Dtos.ListResultDto`1[Core.UseCases.Lookup.TestApp.BookGetAllOutputDto]]] GetAll(Core.UseCases.Lookup.TestApp.BookGetAllInputDto) on controller API.Controllers.BookStoreController (API).
2021-03-29 15:58:13.238 +02:00 [INF] Executing action method API.Controllers.BookStoreController.GetAll (API) - Validation state: "Valid"
2021-03-29 15:58:13.251 +02:00 [INF] Executed action method API.Controllers.BookStoreController.GetAll (API), returned result Microsoft.AspNetCore.Mvc.ObjectResult in 12.661ms.
2021-03-29 15:58:13.252 +02:00 [INF] Executing ObjectResult, writing value of type 'Core.Enums.Dtos.ListResultDto`1[[Core.UseCases.Lookup.TestApp.BookGetAllOutputDto, Core, Version=1.0.0.0, Culture=neutral, PublicKeyToken=null]]'.
2021-03-29 15:58:13.253 +02:00 [INF] Executed action API.Controllers.BookStoreController.GetAll (API) in 47.403ms
2021-03-29 15:58:13.253 +02:00 [INF] Executed endpoint 'API.Controllers.BookStoreController.GetAll (API)'
2021-03-29 15:58:13.253 +02:00 [INF] Request finished in 52.9052ms 200 application/json; charset=utf-8
2021-03-29 15:58:13.736 +02:00 [INF] Request starting HTTP/2.0 GET https://localhost:44390/api/BookStore/GetAuthorDDL  
2021-03-29 15:58:13.736 +02:00 [INF] CORS policy execution successful.
2021-03-29 15:58:13.737 +02:00 [INF] Executing endpoint 'API.Controllers.BookStoreController.GetAuthorDDL (API)'
2021-03-29 15:58:13.743 +02:00 [INF] Route matched with {action = "GetAuthorDDL", controller = "BookStore"}. Executing controller action with signature System.Threading.Tasks.Task`1[Microsoft.AspNetCore.Mvc.ActionResult`1[Core.Enums.Dtos.ListResultDto`1[Core.Enums.Dtos.DDLDto]]] GetAuthorDDL() on controller API.Controllers.BookStoreController (API).
2021-03-29 15:58:13.775 +02:00 [INF] Executing action method API.Controllers.BookStoreController.GetAuthorDDL (API) - Validation state: "Valid"
2021-03-29 15:58:13.793 +02:00 [INF] Executed action method API.Controllers.BookStoreController.GetAuthorDDL (API), returned result Microsoft.AspNetCore.Mvc.ObjectResult in 17.7789ms.
2021-03-29 15:58:13.793 +02:00 [INF] Executing ObjectResult, writing value of type 'Core.Enums.Dtos.ListResultDto`1[[Core.Enums.Dtos.DDLDto, Core, Version=1.0.0.0, Culture=neutral, PublicKeyToken=null]]'.
2021-03-29 15:58:13.794 +02:00 [INF] Executed action API.Controllers.BookStoreController.GetAuthorDDL (API) in 50.9058ms
2021-03-29 15:58:13.794 +02:00 [INF] Executed endpoint 'API.Controllers.BookStoreController.GetAuthorDDL (API)'
2021-03-29 15:58:13.794 +02:00 [INF] Request finished in 59.0174ms 200 application/json; charset=utf-8
2021-03-29 15:58:15.251 +02:00 [INF] Request starting HTTP/2.0 POST https://localhost:44390/api/BookStore/GetAll application/json-patch+json 89
2021-03-29 15:58:15.251 +02:00 [INF] CORS policy execution successful.
2021-03-29 15:58:15.252 +02:00 [INF] Executing endpoint 'API.Controllers.BookStoreController.GetAll (API)'
2021-03-29 15:58:15.253 +02:00 [INF] Route matched with {action = "GetAll", controller = "BookStore"}. Executing controller action with signature System.Threading.Tasks.Task`1[Microsoft.AspNetCore.Mvc.ActionResult`1[Core.Enums.Dtos.ListResultDto`1[Core.UseCases.Lookup.TestApp.BookGetAllOutputDto]]] GetAll(Core.UseCases.Lookup.TestApp.BookGetAllInputDto) on controller API.Controllers.BookStoreController (API).
2021-03-29 15:58:15.299 +02:00 [INF] Executing action method API.Controllers.BookStoreController.GetAll (API) - Validation state: "Valid"
2021-03-29 15:58:15.308 +02:00 [INF] Executed action method API.Controllers.BookStoreController.GetAll (API), returned result Microsoft.AspNetCore.Mvc.ObjectResult in 8.9288ms.
2021-03-29 15:58:15.309 +02:00 [INF] Executing ObjectResult, writing value of type 'Core.Enums.Dtos.ListResultDto`1[[Core.UseCases.Lookup.TestApp.BookGetAllOutputDto, Core, Version=1.0.0.0, Culture=neutral, PublicKeyToken=null]]'.
2021-03-29 15:58:15.310 +02:00 [INF] Executed action API.Controllers.BookStoreController.GetAll (API) in 56.7326ms
2021-03-29 15:58:15.319 +02:00 [INF] Executed endpoint 'API.Controllers.BookStoreController.GetAll (API)'
2021-03-29 15:58:15.320 +02:00 [INF] Request finished in 69.1384ms 200 application/json; charset=utf-8
2021-03-29 15:58:18.236 +02:00 [INF] Request starting HTTP/2.0 GET https://localhost:44390/api/BookStore/GetAuthorDDL  
2021-03-29 15:58:18.237 +02:00 [INF] CORS policy execution successful.
2021-03-29 15:58:18.237 +02:00 [INF] Executing endpoint 'API.Controllers.BookStoreController.GetAuthorDDL (API)'
2021-03-29 15:58:18.237 +02:00 [INF] Route matched with {action = "GetAuthorDDL", controller = "BookStore"}. Executing controller action with signature System.Threading.Tasks.Task`1[Microsoft.AspNetCore.Mvc.ActionResult`1[Core.Enums.Dtos.ListResultDto`1[Core.Enums.Dtos.DDLDto]]] GetAuthorDDL() on controller API.Controllers.BookStoreController (API).
2021-03-29 15:58:18.276 +02:00 [INF] Executing action method API.Controllers.BookStoreController.GetAuthorDDL (API) - Validation state: "Valid"
2021-03-29 15:58:18.293 +02:00 [INF] Executed action method API.Controllers.BookStoreController.GetAuthorDDL (API), returned result Microsoft.AspNetCore.Mvc.ObjectResult in 16.4805ms.
2021-03-29 15:58:18.293 +02:00 [INF] Executing ObjectResult, writing value of type 'Core.Enums.Dtos.ListResultDto`1[[Core.Enums.Dtos.DDLDto, Core, Version=1.0.0.0, Culture=neutral, PublicKeyToken=null]]'.
2021-03-29 15:58:18.294 +02:00 [INF] Executed action API.Controllers.BookStoreController.GetAuthorDDL (API) in 56.6779ms
2021-03-29 15:58:18.294 +02:00 [INF] Executed endpoint 'API.Controllers.BookStoreController.GetAuthorDDL (API)'
2021-03-29 15:58:18.295 +02:00 [INF] Request finished in 58.3405ms 200 application/json; charset=utf-8
2021-03-29 15:58:19.263 +02:00 [INF] Request starting HTTP/2.0 OPTIONS https://localhost:44390/api/BookStore/GetAll  
2021-03-29 15:58:19.264 +02:00 [INF] CORS policy execution successful.
2021-03-29 15:58:19.266 +02:00 [INF] Request finished in 2.8545ms 204 
2021-03-29 15:58:19.269 +02:00 [INF] Request starting HTTP/2.0 POST https://localhost:44390/api/BookStore/GetAll application/json-patch+json 89
2021-03-29 15:58:19.269 +02:00 [INF] CORS policy execution successful.
2021-03-29 15:58:19.270 +02:00 [INF] Executing endpoint 'API.Controllers.BookStoreController.GetAll (API)'
2021-03-29 15:58:19.270 +02:00 [INF] Route matched with {action = "GetAll", controller = "BookStore"}. Executing controller action with signature System.Threading.Tasks.Task`1[Microsoft.AspNetCore.Mvc.ActionResult`1[Core.Enums.Dtos.ListResultDto`1[Core.UseCases.Lookup.TestApp.BookGetAllOutputDto]]] GetAll(Core.UseCases.Lookup.TestApp.BookGetAllInputDto) on controller API.Controllers.BookStoreController (API).
2021-03-29 15:58:19.304 +02:00 [INF] Executing action method API.Controllers.BookStoreController.GetAll (API) - Validation state: "Valid"
2021-03-29 15:58:19.313 +02:00 [INF] Executed action method API.Controllers.BookStoreController.GetAll (API), returned result Microsoft.AspNetCore.Mvc.ObjectResult in 8.0368ms.
2021-03-29 15:58:19.314 +02:00 [INF] Executing ObjectResult, writing value of type 'Core.Enums.Dtos.ListResultDto`1[[Core.UseCases.Lookup.TestApp.BookGetAllOutputDto, Core, Version=1.0.0.0, Culture=neutral, PublicKeyToken=null]]'.
2021-03-29 15:58:19.315 +02:00 [INF] Executed action API.Controllers.BookStoreController.GetAll (API) in 44.2942ms
2021-03-29 15:58:19.315 +02:00 [INF] Executed endpoint 'API.Controllers.BookStoreController.GetAll (API)'
2021-03-29 15:58:19.315 +02:00 [INF] Request finished in 46.2266ms 200 application/json; charset=utf-8
2021-03-29 15:58:19.813 +02:00 [INF] Request starting HTTP/2.0 GET https://localhost:44390/api/BookStore/GetBookDDL  
2021-03-29 15:58:19.813 +02:00 [INF] CORS policy execution successful.
2021-03-29 15:58:19.814 +02:00 [INF] Executing endpoint 'API.Controllers.BookStoreController.GetBookDDL (API)'
2021-03-29 15:58:19.815 +02:00 [INF] Route matched with {action = "GetBookDDL", controller = "BookStore"}. Executing controller action with signature System.Threading.Tasks.Task`1[Microsoft.AspNetCore.Mvc.ActionResult`1[Core.Enums.Dtos.ListResultDto`1[Core.Enums.Dtos.DDLDto]]] GetBookDDL() on controller API.Controllers.BookStoreController (API).
2021-03-29 15:58:19.844 +02:00 [INF] Executing action method API.Controllers.BookStoreController.GetBookDDL (API) - Validation state: "Valid"
2021-03-29 15:58:19.848 +02:00 [INF] Executed action method API.Controllers.BookStoreController.GetBookDDL (API), returned result Microsoft.AspNetCore.Mvc.ObjectResult in 4.606ms.
2021-03-29 15:58:19.849 +02:00 [INF] Executing ObjectResult, writing value of type 'Core.Enums.Dtos.ListResultDto`1[[Core.Enums.Dtos.DDLDto, Core, Version=1.0.0.0, Culture=neutral, PublicKeyToken=null]]'.
2021-03-29 15:58:19.850 +02:00 [INF] Executed action API.Controllers.BookStoreController.GetBookDDL (API) in 34.8409ms
2021-03-29 15:58:19.850 +02:00 [INF] Executed endpoint 'API.Controllers.BookStoreController.GetBookDDL (API)'
2021-03-29 15:58:19.850 +02:00 [INF] Request finished in 37.462ms 200 application/json; charset=utf-8
2021-03-29 15:58:20.431 +02:00 [INF] Request starting HTTP/2.0 POST https://localhost:44390/api/BookStore/GetAll application/json-patch+json 89
2021-03-29 15:58:20.432 +02:00 [INF] CORS policy execution successful.
2021-03-29 15:58:20.432 +02:00 [INF] Executing endpoint 'API.Controllers.BookStoreController.GetAll (API)'
2021-03-29 15:58:20.432 +02:00 [INF] Route matched with {action = "GetAll", controller = "BookStore"}. Executing controller action with signature System.Threading.Tasks.Task`1[Microsoft.AspNetCore.Mvc.ActionResult`1[Core.Enums.Dtos.ListResultDto`1[Core.UseCases.Lookup.TestApp.BookGetAllOutputDto]]] GetAll(Core.UseCases.Lookup.TestApp.BookGetAllInputDto) on controller API.Controllers.BookStoreController (API).
2021-03-29 15:58:20.463 +02:00 [INF] Executing action method API.Controllers.BookStoreController.GetAll (API) - Validation state: "Valid"
2021-03-29 15:58:20.470 +02:00 [INF] Executed action method API.Controllers.BookStoreController.GetAll (API), returned result Microsoft.AspNetCore.Mvc.ObjectResult in 7.3065ms.
2021-03-29 15:58:20.471 +02:00 [INF] Executing ObjectResult, writing value of type 'Core.Enums.Dtos.ListResultDto`1[[Core.UseCases.Lookup.TestApp.BookGetAllOutputDto, Core, Version=1.0.0.0, Culture=neutral, PublicKeyToken=null]]'.
2021-03-29 15:58:20.472 +02:00 [INF] Executed action API.Controllers.BookStoreController.GetAll (API) in 38.8865ms
2021-03-29 15:58:20.472 +02:00 [INF] Executed endpoint 'API.Controllers.BookStoreController.GetAll (API)'
2021-03-29 15:58:20.472 +02:00 [INF] Request finished in 40.7991ms 200 application/json; charset=utf-8
